0 info it worked if it ends with ok
1 verbose cli [ 'E:\\node-v6.11.2-win-x64\\node.exe',
1 verbose cli   'E:\\node-v6.11.2-win-x64\\node_modules\\npm\\bin\\npm-cli.js',
1 verbose cli   'start' ]
2 info using npm@3.10.10
3 info using node@v6.11.2
4 verbose run-script [ 'prestart', 'start', 'poststart' ]
5 info lifecycle lets-meet-coding@0.0.0~prestart: lets-meet-coding@0.0.0
6 silly lifecycle lets-meet-coding@0.0.0~prestart: no script for prestart, continuing
7 info lifecycle lets-meet-coding@0.0.0~start: lets-meet-coding@0.0.0
8 verbose lifecycle lets-meet-coding@0.0.0~start: unsafe-perm in lifecycle true
9 verbose lifecycle lets-meet-coding@0.0.0~start: PATH: E:\node-v6.11.2-win-x64\node_modules\npm\bin\node-gyp-bin;E:\coding_lets_meet\node_modules\.bin;C:\Windows\system32;C:\Windows;C:\Windows\System32\Wbem;C:\Windows\System32\WindowsPowerShell\v1.0\;C:\Program Files\Git\cmd;C:\Program Files\Java\jdk1.8.0_131\bin;E:\node-v6.11.2-win-x64\;C:\Program Files (x86)\Microsoft VS Code\bin;E:\node-v6.11.2-win-x64;C:\Users\Dell\AppData\Roaming\npm;E:\Microsoft VS Code\bin;C:\Users\Dell\AppData\Local\GitHubDesktop\bin
10 verbose lifecycle lets-meet-coding@0.0.0~start: CWD: E:\coding_lets_meet
11 silly lifecycle lets-meet-coding@0.0.0~start: Args: [ '/d /s /c', 'node ./bin/www' ]
12 silly lifecycle lets-meet-coding@0.0.0~start: Returned: code: 1  signal: null
13 info lifecycle lets-meet-coding@0.0.0~start: Failed to exec start script
14 verbose stack Error: lets-meet-coding@0.0.0 start: `node ./bin/www`
14 verbose stack Exit status 1
14 verbose stack     at EventEmitter.<anonymous> (E:\node-v6.11.2-win-x64\node_modules\npm\lib\utils\lifecycle.js:255:16)
14 verbose stack     at emitTwo (events.js:106:13)
14 verbose stack     at EventEmitter.emit (events.js:191:7)
14 verbose stack     at ChildProcess.<anonymous> (E:\node-v6.11.2-win-x64\node_modules\npm\lib\utils\spawn.js:40:14)
14 verbose stack     at emitTwo (events.js:106:13)
14 verbose stack     at ChildProcess.emit (events.js:191:7)
14 verbose stack     at maybeClose (internal/child_process.js:891:16)
14 verbose stack     at Process.ChildProcess._handle.onexit (internal/child_process.js:226:5)
15 verbose pkgid lets-meet-coding@0.0.0
16 verbose cwd E:\coding_lets_meet
17 error Windows_NT 6.1.7601
18 error argv "E:\\node-v6.11.2-win-x64\\node.exe" "E:\\node-v6.11.2-win-x64\\node_modules\\npm\\bin\\npm-cli.js" "start"
19 error node v6.11.2
20 error npm  v3.10.10
21 error code ELIFECYCLE
22 error lets-meet-coding@0.0.0 start: `node ./bin/www`
22 error Exit status 1
23 error Failed at the lets-meet-coding@0.0.0 start script 'node ./bin/www'.
23 error Make sure you have the latest version of node.js and npm installed.
23 error If you do, this is most likely a problem with the lets-meet-coding package,
23 error not with npm itself.
23 error Tell the author that this fails on your system:
23 error     node ./bin/www
23 error You can get information on how to open an issue for this project with:
23 error     npm bugs lets-meet-coding
23 error Or if that isn't available, you can get their info via:
23 error     npm owner ls lets-meet-coding
23 error There is likely additional logging output above.
24 verbose exit [ 1, true ]
